<?xml version="1.0" encoding="UTF-8"?>
<testng-results skipped="0" failed="0" total="1" passed="1">
  <reporter-output>
  </reporter-output>
  <suite name="Default suite" duration-ms="40" started-at="2021-12-10T12:48:09Z" finished-at="2021-12-10T12:48:09Z">
    <groups>
    </groups>
    <test name="Default test" duration-ms="40" started-at="2021-12-10T12:48:09Z" finished-at="2021-12-10T12:48:09Z">
      <class name="Practice.ReadDataFromCmd">
        <test-method status="PASS" signature="readTest()[pri:0, instance:Practice.ReadDataFromCmd@629f0666]" name="readTest" duration-ms="24" started-at="2021-12-10T18:18:09Z" finished-at="2021-12-10T18:18:09Z">
          <reporter-output>
          </reporter-output>
        </test-method> <!-- readTest -->
      </class> <!-- Practice.ReadDataFromCmd -->
    </test> <!-- Default test -->
  </suite> <!-- Default suite -->
</testng-results>
